<?xml version="1.0" encoding="UTF-8"?>
<!-- Generated by org.testng.reporters.JUnitXMLReporter -->
<testsuite ignored="0" hostname="LAPTOP-42USQQ8O" failures="0" tests="4" name="Default test" time="85.485" errors="0" timestamp="2022-06-17T23:07:37 IST">
  <testcase classname="Test.ZerodhaLoginPageTest" name="ClickOnLoginWithoutTestData" time="1.051"/>
  <testcase classname="Test.ZerodhaLoginPageTest" name="forgetPasswordLikedTest" time="0.078"/>
  <testcase classname="Test.ZerodhaLoginPageTest" name="loginWithValidCredentialsTest" time="0.374"/>
  <testcase classname="Test.ZerodhaLoginPageTest" name="signUpLinkTest" time="0.089"/>
</testsuite> <!-- Default test -->
